<?xml version="1.0" encoding="UTF-8"?>
<testsuite name="auction_house.architecture.HexagonalArchitectureFitness" tests="3" skipped="0" failures="0" errors="0" timestamp="2020-05-21T10:34:55" hostname="LC02YWGMQL40Y.local" time="0.481">
  <properties/>
  <testcase name="repositories_should_depend_on_business_model()" classname="auction_house.architecture.HexagonalArchitectureFitness" time="0.332"/>
  <testcase name="delivery_mechanism_depends_on_model_and_infrastructure()" classname="auction_house.architecture.HexagonalArchitectureFitness" time="0.079"/>
  <testcase name="business_model_dont_depend_on_infrastructure()" classname="auction_house.architecture.HexagonalArchitectureFitness" time="0.068"/>
  <system-out><![CDATA[]]></system-out>
  <system-err><![CDATA[[Test worker] INFO com.tngtech.archunit.core.PluginLoader - Detected Java version 11.0.6
]]></system-err>
</testsuite>
