<?xml version="1.0" encoding="UTF-8"?>
<testsuite name="auction_house.unit.CreateAuctionActionShould" tests="1" skipped="0" failures="0" errors="0" timestamp="2020-05-22T07:12:36" hostname="LC02YWGMQL40Y.local" time="0.432">
  <properties/>
  <testcase name="retrieve_an_auction_by_id()" classname="auction_house.unit.CreateAuctionActionShould" time="0.432"/>
  <system-out><![CDATA[]]></system-out>
  <system-err><![CDATA[]]></system-err>
</testsuite>
